0 info it worked if it ends with ok
1 verbose cli [ '/usr/bin/node', '/usr/bin/npm', 'start' ]
2 info using npm@1.2.11
3 info using node@v0.8.20
4 verbose read json /home/ack/work/webrtc-broker/package.json
5 verbose run-script [ 'prestart', 'start', 'poststart' ]
6 info prestart webrtc-broker@0.0.1-5
7 info start webrtc-broker@0.0.1-5
8 verbose unsafe-perm in lifecycle true
9 silly exec sh "-c" "node broker.js"
10 silly sh,-c,node broker.js,/home/ack/work/webrtc-broker spawning
11 info webrtc-broker@0.0.1-5 Failed to exec start script
12 error webrtc-broker@0.0.1-5 start: `node broker.js`
12 error `sh "-c" "node broker.js"` failed with 1
13 error Failed at the webrtc-broker@0.0.1-5 start script.
13 error This is most likely a problem with the webrtc-broker package,
13 error not with npm itself.
13 error Tell the author that this fails on your system:
13 error     node broker.js
13 error You can get their info via:
13 error     npm owner ls webrtc-broker
13 error There is likely additional logging output above.
14 error System Linux 3.7.9-1-ARCH
15 error command "/usr/bin/node" "/usr/bin/npm" "start"
16 error cwd /home/ack/work/webrtc-broker
17 error node -v v0.8.20
18 error npm -v 1.2.11
19 error code ELIFECYCLE
20 verbose exit [ 1, true ]
